<?xml version="1.0" encoding="UTF-8"?>
<testng-results ignored="0" total="1" passed="1" failed="0" skipped="0">
  <reporter-output>
    <line>
      <![CDATA[open browser]]>
    </line>
    <line>
      <![CDATA[login]]>
    </line>
    <line>
      <![CDATA[logout]]>
    </line>
    <line>
      <![CDATA[close the browser]]>
    </line>
  </reporter-output>
  <suite started-at="2024-04-05T00:25:38 IST" name="Suite" finished-at="2024-04-05T00:25:58 IST" duration-ms="20260">
    <groups>
    </groups>
    <test started-at="2024-04-05T00:25:38 IST" name="Test" finished-at="2024-04-05T00:25:58 IST" duration-ms="20260">
      <class name="com.ownproject.testscript.CreateCampaign">
        <test-method is-config="true" signature="openbrowser()[pri:0, instance:com.ownproject.testscript.CreateCampaign@2b71e916]" started-at="2024-04-05T00:25:38 IST" name="openbrowser" finished-at="2024-04-05T00:25:39 IST" duration-ms="1410" status="PASS">
          <reporter-output>
            <line>
              <![CDATA[open browser]]>
            </line>
          </reporter-output>
        </test-method> <!-- openbrowser -->
        <test-method is-config="true" signature="login()[pri:0, instance:com.ownproject.testscript.CreateCampaign@2b71e916]" started-at="2024-04-05T00:25:40 IST" name="login" finished-at="2024-04-05T00:25:40 IST" duration-ms="706" status="PASS">
          <reporter-output>
            <line>
              <![CDATA[login]]>
            </line>
          </reporter-output>
        </test-method> <!-- login -->
        <test-method signature="testtestCreatecampaign()[pri:0, instance:com.ownproject.testscript.CreateCampaign@2b71e916]" started-at="2024-04-05T00:25:40 IST" name="testtestCreatecampaign" finished-at="2024-04-05T00:25:58 IST" duration-ms="17862" status="PASS">
          <reporter-output>
          </reporter-output>
        </test-method> <!-- testtestCreatecampaign -->
        <test-method is-config="true" signature="logout()[pri:0, instance:com.ownproject.testscript.CreateCampaign@2b71e916]" started-at="2024-04-05T00:25:58 IST" name="logout" finished-at="2024-04-05T00:25:58 IST" duration-ms="134" status="PASS">
          <reporter-output>
            <line>
              <![CDATA[logout]]>
            </line>
          </reporter-output>
        </test-method> <!-- logout -->
        <test-method is-config="true" signature="closebrowser()[pri:0, instance:com.ownproject.testscript.CreateCampaign@2b71e916]" started-at="2024-04-05T00:25:58 IST" name="closebrowser" finished-at="2024-04-05T00:25:58 IST" duration-ms="112" status="PASS">
          <reporter-output>
            <line>
              <![CDATA[close the browser]]>
            </line>
          </reporter-output>
        </test-method> <!-- closebrowser -->
      </class> <!-- com.ownproject.testscript.CreateCampaign -->
    </test> <!-- Test -->
  </suite> <!-- Suite -->
</testng-results>
